<?xml version="1.0" encoding="UTF-8"?>
<!-- Generated by org.testng.reporters.JUnitXMLReporter -->
<testsuite hostname="DESKTOP-JRRFFRB" name="chromeTest" tests="4" failures="0" timestamp="31 Jan 2022 06:37:05 GMT" time="16.836" errors="0">
  <testcase name="verylogin" time="8.366" classname="jan31.CrossBrowerTesting"/>
  <testcase name="verylogin" time="2.353" classname="jan31.CrossBrowerTesting"/>
  <testcase name="verylogin" time="1.676" classname="jan31.CrossBrowerTesting"/>
  <testcase name="verylogin" time="2.502" classname="jan31.CrossBrowerTesting"/>
</testsuite> <!-- chromeTest -->
