<?xml version="1.0" encoding="UTF-8"?>
<!-- Generated by org.testng.reporters.JUnitXMLReporter -->
<testsuite hostname="DESKTOP-JRRFFRB" name="firefoxTest" tests="4" failures="0" timestamp="31 Jan 2022 06:37:18 GMT" time="13.148" errors="0">
  <testcase name="verylogin" time="3.142" classname="jan31.CrossBrowerTesting"/>
  <testcase name="verylogin" time="0.95" classname="jan31.CrossBrowerTesting"/>
  <testcase name="verylogin" time="0.984" classname="jan31.CrossBrowerTesting"/>
  <testcase name="verylogin" time="0.944" classname="jan31.CrossBrowerTesting"/>
</testsuite> <!-- firefoxTest -->
