<?xml version="1.0" encoding="UTF-8"?>
<testng-results skipped="0" failed="0" ignored="0" total="2" passed="2">
  <reporter-output>
    <line>
      <![CDATA[No of rows are::7]]>
    </line>
    <line>
      <![CDATA[Login success::dashboard      http://orangehrm.qedgetech.com/symfony/web/index.php/dashboard]]>
    </line>
    <line>
      <![CDATA[Login Fail::Invalid credentials   dashboard      http://orangehrm.qedgetech.com/symfony/web/index.php/auth/validateCredentials]]>
    </line>
    <line>
      <![CDATA[Login success::dashboard      http://orangehrm.qedgetech.com/symfony/web/index.php/dashboard]]>
    </line>
    <line>
      <![CDATA[Login Fail::Username cannot be empty   dashboard      http://orangehrm.qedgetech.com/symfony/web/index.php/auth/login]]>
    </line>
    <line>
      <![CDATA[Login Fail::Invalid credentials   dashboard      http://orangehrm.qedgetech.com/symfony/web/index.php/auth/validateCredentials]]>
    </line>
    <line>
      <![CDATA[Login Fail::Password cannot be empty   dashboard      http://orangehrm.qedgetech.com/symfony/web/index.php/auth/login]]>
    </line>
    <line>
      <![CDATA[Login Fail::Invalid credentials   dashboard      http://orangehrm.qedgetech.com/symfony/web/index.php/auth/validateCredentials]]>
    </line>
    <line>
      <![CDATA[Login succes::adminflow     http://primusbank.qedgetech.com/adminflow.aspx]]>
    </line>
    <line>
      <![CDATA[Admin Logout Success]]>
    </line>
    <line>
      <![CDATA[Login succes::adminflow     http://primusbank.qedgetech.com/adminflow.aspx]]>
    </line>
    <line>
      <![CDATA[Branch Creation Success::New Branch with id 399 created Sucessfully       new Branch with]]>
    </line>
    <line>
      <![CDATA[Admin Logout Success]]>
    </line>
    <line>
      <![CDATA[Login succes::adminflow     http://primusbank.qedgetech.com/adminflow.aspx]]>
    </line>
    <line>
      <![CDATA[Branch update success::Branch updated Sucessfully      Branch updated]]>
    </line>
    <line>
      <![CDATA[Admin Logout Success]]>
    </line>
  </reporter-output>
  <suite name="FrameWorks" duration-ms="96657" started-at="2022-02-03T07:02:55Z" finished-at="2022-02-03T07:04:32Z">
    <groups>
    </groups>
    <test name="datadriven" duration-ms="19288" started-at="2022-02-03T07:02:55Z" finished-at="2022-02-03T07:03:15Z">
      <class name="DriverFactory.DataDrivenDriverScript">
        <test-method status="PASS" signature="setUp()[pri:0, instance:DriverFactory.DataDrivenDriverScript@6d4b1c02]" name="setUp" is-config="true" duration-ms="2853" started-at="2022-02-03T07:02:55Z" finished-at="2022-02-03T07:02:58Z">
          <reporter-output>
          </reporter-output>
        </test-method> <!-- setUp -->
        <test-method status="PASS" signature="verifyLogin()[pri:0, instance:DriverFactory.DataDrivenDriverScript@6d4b1c02]" name="verifyLogin" duration-ms="16334" started-at="2022-02-03T07:02:58Z" finished-at="2022-02-03T07:03:15Z">
          <reporter-output>
            <line>
              <![CDATA[No of rows are::7]]>
            </line>
            <line>
              <![CDATA[Login success::dashboard      http://orangehrm.qedgetech.com/symfony/web/index.php/dashboard]]>
            </line>
            <line>
              <![CDATA[Login Fail::Invalid credentials   dashboard      http://orangehrm.qedgetech.com/symfony/web/index.php/auth/validateCredentials]]>
            </line>
            <line>
              <![CDATA[Login success::dashboard      http://orangehrm.qedgetech.com/symfony/web/index.php/dashboard]]>
            </line>
            <line>
              <![CDATA[Login Fail::Username cannot be empty   dashboard      http://orangehrm.qedgetech.com/symfony/web/index.php/auth/login]]>
            </line>
            <line>
              <![CDATA[Login Fail::Invalid credentials   dashboard      http://orangehrm.qedgetech.com/symfony/web/index.php/auth/validateCredentials]]>
            </line>
            <line>
              <![CDATA[Login Fail::Password cannot be empty   dashboard      http://orangehrm.qedgetech.com/symfony/web/index.php/auth/login]]>
            </line>
            <line>
              <![CDATA[Login Fail::Invalid credentials   dashboard      http://orangehrm.qedgetech.com/symfony/web/index.php/auth/validateCredentials]]>
            </line>
          </reporter-output>
        </test-method> <!-- verifyLogin -->
        <test-method status="PASS" signature="tearDown()[pri:0, instance:DriverFactory.DataDrivenDriverScript@6d4b1c02]" name="tearDown" is-config="true" duration-ms="88" started-at="2022-02-03T07:03:15Z" finished-at="2022-02-03T07:03:15Z">
          <reporter-output>
          </reporter-output>
        </test-method> <!-- tearDown -->
      </class> <!-- DriverFactory.DataDrivenDriverScript -->
    </test> <!-- datadriven -->
    <test name="hybrid" duration-ms="77359" started-at="2022-02-03T07:03:15Z" finished-at="2022-02-03T07:04:32Z">
      <class name="DriverFactory.DriverScript">
        <test-method status="PASS" signature="setUp()[pri:0, instance:DriverFactory.DriverScript@59ec2012]" name="setUp" is-config="true" duration-ms="3914" started-at="2022-02-03T07:02:51Z" finished-at="2022-02-03T07:02:55Z">
          <reporter-output>
          </reporter-output>
        </test-method> <!-- setUp -->
        <test-method status="PASS" signature="startTest()[pri:0, instance:DriverFactory.DriverScript@59ec2012]" name="startTest" duration-ms="77358" started-at="2022-02-03T07:03:15Z" finished-at="2022-02-03T07:04:32Z">
          <reporter-output>
            <line>
              <![CDATA[Login succes::adminflow     http://primusbank.qedgetech.com/adminflow.aspx]]>
            </line>
            <line>
              <![CDATA[Admin Logout Success]]>
            </line>
            <line>
              <![CDATA[Login succes::adminflow     http://primusbank.qedgetech.com/adminflow.aspx]]>
            </line>
            <line>
              <![CDATA[Branch Creation Success::New Branch with id 399 created Sucessfully       new Branch with]]>
            </line>
            <line>
              <![CDATA[Admin Logout Success]]>
            </line>
            <line>
              <![CDATA[Login succes::adminflow     http://primusbank.qedgetech.com/adminflow.aspx]]>
            </line>
            <line>
              <![CDATA[Branch update success::Branch updated Sucessfully      Branch updated]]>
            </line>
            <line>
              <![CDATA[Admin Logout Success]]>
            </line>
          </reporter-output>
        </test-method> <!-- startTest -->
        <test-method status="PASS" signature="tearDown()[pri:0, instance:DriverFactory.DriverScript@59ec2012]" name="tearDown" is-config="true" duration-ms="56" started-at="2022-02-03T07:04:32Z" finished-at="2022-02-03T07:04:32Z">
          <reporter-output>
          </reporter-output>
        </test-method> <!-- tearDown -->
      </class> <!-- DriverFactory.DriverScript -->
    </test> <!-- hybrid -->
  </suite> <!-- FrameWorks -->
</testng-results>
